SF:lib\utils\theme.dart
DA:49,6
DA:50,6
DA:51,6
DA:153,6
DA:160,6
DA:161,6
DA:164,6
DA:165,6
DA:168,6
DA:169,6
DA:172,6
DA:173,6
DA:186,6
DA:187,6
DA:190,6
DA:191,6
DA:201,6
DA:202,6
DA:206,6
DA:207,6
DA:217,6
DA:218,6
DA:227,6
DA:229,6
DA:230,6
DA:272,6
DA:273,3
DA:274,3
DA:278,3
DA:279,3
DA:286,3
DA:287,3
DA:288,3
DA:289,3
DA:290,3
DA:292,3
DA:293,3
DA:296,3
DA:301,0
DA:304,3
DA:305,3
DA:309,3
DA:310,3
DA:311,3
DA:324,2
DA:325,2
DA:329,2
DA:330,2
DA:343,0
DA:344,0
DA:348,0
DA:349,0
DA:362,0
DA:363,0
DA:365,0
DA:366,0
DA:367,0
DA:368,0
DA:381,0
DA:384,0
DA:392,0
DA:393,0
DA:394,0
LF:63
LH:47
end_of_record
SF:lib\widgets\glass_card.dart
DA:10,4
DA:25,3
DA:27,3
DA:28,3
DA:29,3
DA:30,3
DA:34,3
DA:35,6
DA:36,3
DA:37,3
DA:38,3
DA:44,3
DA:45,3
DA:46,3
DA:52,0
DA:53,0
DA:55,0
DA:57,0
DA:58,0
DA:59,0
DA:60,0
DA:61,0
LF:22
LH:14
end_of_record
SF:lib\main.dart
DA:8,0
DA:9,0
DA:12,0
DA:21,0
DA:25,7
DA:29,1
DA:31,2
DA:32,1
DA:35,1
LF:9
LH:5
end_of_record
SF:lib\utils\app_router.dart
DA:24,1
DA:25,1
DA:28,1
DA:29,1
DA:32,1
DA:34,1
DA:37,0
DA:39,1
DA:42,0
DA:44,1
DA:47,0
DA:49,1
DA:52,0
DA:54,1
DA:57,0
DA:60,0
DA:61,0
DA:62,0
DA:64,0
DA:71,0
DA:72,0
DA:76,0
DA:77,0
DA:88,3
LF:24
LH:11
end_of_record
SF:lib\providers\navigation_provider.dart
DA:9,0
DA:12,0
DA:13,0
DA:20,0
DA:21,0
DA:23,0
DA:24,0
DA:27,0
DA:28,0
DA:29,0
DA:33,0
DA:34,0
DA:35,0
DA:49,0
DA:52,0
DA:53,0
LF:16
LH:0
end_of_record
SF:lib\providers\navigation_provider.g.dart
DA:9,0
DA:15,0
DA:25,0
DA:31,0
DA:41,0
DA:47,0
LF:6
LH:0
end_of_record
SF:lib\screens\home_screen.dart
DA:14,6
DA:16,0
DA:18,0
DA:19,0
DA:30,0
DA:31,0
DA:33,0
DA:35,0
DA:36,0
DA:39,0
DA:41,0
DA:45,0
DA:48,0
DA:51,0
DA:53,0
DA:58,0
DA:59,0
DA:61,0
DA:62,0
DA:63,0
DA:65,0
DA:66,0
DA:71,0
DA:72,0
DA:73,0
DA:75,0
DA:80,0
DA:82,0
DA:85,0
DA:87,0
DA:96,0
DA:98,0
DA:100,0
DA:109,0
DA:123,0
DA:124,0
DA:126,0
DA:127,0
DA:136,0
DA:138,0
DA:147,0
DA:148,0
DA:149,0
DA:150,0
DA:152,0
DA:155,0
DA:156,0
DA:157,0
DA:158,0
DA:163,0
DA:165,0
DA:168,0
DA:169,0
DA:170,0
DA:171,0
LF:55
LH:1
end_of_record
SF:lib\widgets\bottom_navigation.dart
DA:14,6
DA:23,24
DA:49,0
DA:51,0
DA:53,0
DA:54,0
DA:55,0
DA:63,0
DA:66,0
DA:68,0
DA:69,0
DA:70,0
DA:71,0
DA:73,0
DA:80,0
DA:86,0
DA:93,0
DA:94,0
DA:95,0
DA:96,0
DA:98,0
DA:100,0
DA:101,0
DA:103,0
DA:104,0
DA:112,0
DA:114,0
DA:123,0
DA:132,0
DA:139,0
DA:142,0
DA:144,0
DA:146,0
DA:148,0
LF:34
LH:2
end_of_record
SF:lib\widgets\zen_button.dart
DA:14,3
DA:22,2
DA:30,0
DA:38,0
DA:52,3
DA:54,3
DA:55,6
DA:56,4
DA:57,0
DA:58,0
DA:61,3
DA:64,3
DA:65,4
DA:66,1
DA:69,3
DA:70,3
DA:71,3
DA:75,4
DA:77,1
DA:82,3
DA:84,3
LF:21
LH:17
end_of_record
SF:lib\widgets\zen_progress.dart
DA:9,2
DA:26,2
DA:28,6
DA:29,2
DA:30,6
DA:31,2
DA:33,2
DA:34,2
DA:35,2
DA:36,2
DA:41,2
DA:43,1
DA:45,1
DA:46,2
DA:47,1
DA:48,1
DA:49,3
DA:53,1
DA:61,2
DA:78,2
DA:80,6
DA:81,2
DA:82,2
DA:83,2
DA:84,2
DA:86,2
DA:87,2
DA:88,2
DA:90,2
DA:91,2
DA:92,2
DA:95,4
DA:103,2
DA:115,2
DA:117,2
DA:118,2
DA:119,4
DA:120,2
DA:121,4
DA:122,2
DA:124,2
DA:125,4
DA:126,2
DA:127,4
DA:128,2
DA:130,4
DA:131,6
DA:133,10
DA:134,2
DA:135,6
DA:143,0
DA:145,0
DA:146,0
DA:147,0
DA:148,0
LF:55
LH:50
end_of_record
SF:lib\utils\app_keys.dart
DA:5,0
LF:1
LH:0
end_of_record
SF:lib\screens\how_it_works_screen.dart
DA:11,6
DA:13,0
DA:15,0
DA:16,0
DA:27,0
DA:28,0
DA:30,0
DA:31,0
DA:32,0
DA:40,0
DA:41,0
DA:43,0
DA:44,0
DA:45,0
DA:46,0
DA:52,0
DA:53,0
DA:55,0
DA:66,0
DA:67,0
DA:68,0
DA:69,0
DA:72,0
DA:73,0
DA:77,0
DA:79,0
DA:80,0
DA:83,0
DA:84,0
DA:91,0
DA:98,0
DA:105,0
DA:112,0
DA:122,0
DA:124,0
DA:126,0
DA:127,0
DA:129,0
DA:132,0
DA:133,0
DA:134,0
DA:135,0
DA:137,0
DA:139,0
DA:156,0
DA:162,0
DA:164,0
DA:166,0
DA:168,0
DA:169,0
DA:175,0
DA:177,0
DA:180,0
DA:182,0
DA:190,0
DA:191,0
DA:193,0
DA:195,0
DA:196,0
DA:204,0
LF:60
LH:1
end_of_record
SF:lib\screens\log_screen.dart
DA:14,6
DA:16,0
DA:18,0
DA:19,0
DA:30,0
DA:31,0
DA:32,0
DA:33,0
DA:34,0
DA:42,0
DA:43,0
DA:45,0
DA:46,0
DA:47,0
DA:48,0
DA:49,0
DA:50,0
DA:52,0
DA:60,0
DA:61,0
DA:63,0
DA:74,0
DA:75,0
DA:76,0
DA:77,0
DA:80,0
DA:81,0
DA:85,0
DA:87,0
DA:88,0
DA:89,0
DA:94,0
DA:95,0
DA:96,0
DA:98,0
DA:104,0
DA:106,0
DA:109,0
DA:111,0
DA:112,0
DA:114,0
DA:117,0
DA:119,0
DA:128,0
DA:130,0
DA:133,0
DA:134,0
DA:135,0
DA:143,0
DA:151,0
DA:159,0
DA:181,0
DA:188,0
DA:189,0
DA:190,0
DA:192,0
DA:194,0
DA:196,0
DA:197,0
DA:198,0
DA:199,0
DA:202,0
DA:203,0
DA:204,0
DA:206,0
DA:213,0
DA:214,0
DA:216,0
DA:217,0
DA:219,0
DA:222,0
DA:224,0
DA:229,0
DA:230,0
DA:232,0
DA:247,0
DA:248,0
DA:251,0
DA:254,0
DA:255,0
DA:256,0
DA:257,0
DA:268,0
DA:270,0
LF:84
LH:1
end_of_record
SF:lib\widgets\zen_input_field.dart
DA:7,8
DA:32,2
DA:34,2
DA:35,2
DA:36,2
DA:37,2
DA:38,2
DA:39,2
DA:40,2
DA:41,6
DA:42,2
DA:43,2
DA:44,2
DA:45,2
DA:46,2
LF:15
LH:15
end_of_record
SF:lib\screens\profile_screen.dart
DA:14,6
DA:16,0
DA:18,0
DA:19,0
DA:30,0
DA:31,0
DA:33,0
DA:34,0
DA:35,0
DA:43,0
DA:44,0
DA:46,0
DA:47,0
DA:48,0
DA:49,0
DA:55,0
DA:56,0
DA:58,0
DA:69,0
DA:70,0
DA:71,0
DA:72,0
DA:75,0
DA:76,0
DA:80,0
DA:81,0
DA:83,0
DA:85,0
DA:86,0
DA:87,0
DA:90,0
DA:91,0
DA:118,0
DA:119,0
DA:127,0
DA:129,0
DA:137,0
DA:139,0
DA:141,0
DA:142,0
DA:144,0
DA:147,0
DA:154,0
DA:161,0
DA:168,0
DA:178,0
DA:180,0
DA:182,0
DA:183,0
DA:185,0
DA:188,0
DA:193,0
DA:195,0
DA:200,0
DA:202,0
DA:207,0
DA:209,0
DA:214,0
DA:220,0
DA:222,0
DA:224,0
DA:240,0
DA:241,0
DA:243,0
DA:244,0
DA:246,0
DA:247,0
DA:254,0
DA:265,0
DA:269,0
DA:275,0
DA:282,0
DA:288,0
DA:290,0
DA:291,0
DA:293,0
DA:294,0
DA:295,0
DA:298,0
DA:299,0
DA:300,0
DA:302,0
DA:309,0
DA:310,0
DA:312,0
DA:313,0
DA:322,0
LF:87
LH:1
end_of_record
SF:lib\screens\progress_screen.dart
DA:13,6
DA:15,0
DA:17,0
DA:18,0
DA:29,0
DA:30,0
DA:32,0
DA:33,0
DA:34,0
DA:42,0
DA:43,0
DA:45,0
DA:46,0
DA:47,0
DA:48,0
DA:49,0
DA:50,0
DA:52,0
DA:61,0
DA:63,0
DA:71,0
DA:72,0
DA:73,0
DA:74,0
DA:77,0
DA:78,0
DA:82,0
DA:84,0
DA:85,0
DA:87,0
DA:89,0
DA:90,0
DA:92,0
DA:97,0
DA:98,0
DA:99,0
DA:100,0
DA:108,0
DA:109,0
DA:119,0
DA:130,0
DA:132,0
DA:134,0
DA:137,0
DA:138,0
DA:139,0
DA:141,0
DA:144,0
DA:145,0
DA:146,0
DA:148,0
DA:149,0
DA:150,0
DA:151,0
DA:152,0
DA:157,0
DA:158,0
DA:159,0
DA:160,0
DA:162,0
DA:163,0
DA:164,0
DA:165,0
DA:187,0
DA:193,0
DA:194,0
DA:195,0
DA:197,0
DA:200,0
DA:202,0
DA:210,0
DA:211,0
DA:213,0
DA:214,0
DA:215,0
DA:218,0
DA:220,0
DA:229,0
DA:230,0
DA:232,0
DA:233,0
DA:235,0
DA:240,0
DA:242,0
DA:245,0
DA:247,0
DA:257,0
DA:265,0
DA:267,0
DA:269,0
DA:271,0
DA:272,0
DA:278,0
DA:280,0
DA:283,0
DA:285,0
DA:290,0
DA:293,0
DA:297,0
DA:298,0
DA:299,0
DA:310,6
LF:102
LH:2
end_of_record
SF:lib\screens\welcome_screen.dart
DA:12,6
DA:14,1
DA:16,1
DA:17,1
DA:28,1
DA:29,1
DA:31,1
DA:34,1
DA:37,1
DA:39,1
DA:43,1
DA:46,1
DA:49,1
DA:51,1
DA:56,1
DA:57,1
DA:59,1
DA:60,1
DA:62,1
DA:63,1
DA:68,1
DA:70,1
DA:71,1
DA:73,3
DA:77,1
DA:79,3
DA:83,1
DA:85,1
DA:88,0
DA:89,0
DA:90,0
LF:31
LH:28
end_of_record
